<?xml version="1.0" encoding="UTF-8"?>
<!-- Generated by org.testng.reporters.JUnitReportReporter -->
<testsuite hostname="LAPTOP-5JQHPSKK" failures="0" tests="1" name="com.qa.tests.AppTest" time="0.006" errors="0" timestamp="2025-05-27T22:06:40 IST" skipped="0">
  <testcase classname="com.qa.tests.AppTest" name="shouldAnswerWithTrue" time="0.006"/>
  <system-out/>
</testsuite> <!-- com.qa.tests.AppTest -->
